[ 16%] [32mBuilding CXX object CMakeFiles/speed_controller.dir/src/speed_controller.cpp.o[0m
[ 33%] [32mBuilding CXX object CMakeFiles/sphere_controller.dir/src/sphere_controller.cpp.o[0m
[01m[K/home/chen/Task/navigation_ws/src/task_one/src/speed_controller.cpp:1:10:[m[K [01;31m[Kfatal error: [m[Krclcpp/rclcpp.hpp: 没有那个文件或目录
    1 | #include [01;31m[K<rclcpp/rclcpp.hpp>[m[K
      |          [01;31m[K^~~~~~~~~~~~~~~~~~~[m[K
compilation terminated.
gmake[2]: *** [CMakeFiles/speed_controller.dir/build.make:76：CMakeFiles/speed_controller.dir/src/speed_controller.cpp.o] 错误 1
gmake[1]: *** [CMakeFiles/Makefile2:193：CMakeFiles/speed_controller.dir/all] 错误 2
gmake[1]: *** 正在等待未完成的任务....
[ 50%] [32mBuilding CXX object CMakeFiles/car_controller.dir/src/car_controller.cpp.o[0m
[01m[K/home/chen/Task/navigation_ws/src/task_one/src/sphere_controller.cpp:1:10:[m[K [01;31m[Kfatal error: [m[Krclcpp/rclcpp.hpp: 没有那个文件或目录
    1 | #include [01;31m[K<rclcpp/rclcpp.hpp>[m[K
      |          [01;31m[K^~~~~~~~~~~~~~~~~~~[m[K
compilation terminated.
gmake[2]: *** [CMakeFiles/sphere_controller.dir/build.make:76：CMakeFiles/sphere_controller.dir/src/sphere_controller.cpp.o] 错误 1
gmake[1]: *** [CMakeFiles/Makefile2:141：CMakeFiles/sphere_controller.dir/all] 错误 2
[01m[K/home/chen/Task/navigation_ws/src/task_one/src/car_controller.cpp:1:10:[m[K [01;31m[Kfatal error: [m[Krclcpp/rclcpp.hpp: 没有那个文件或目录
    1 | #include [01;31m[K<rclcpp/rclcpp.hpp>[m[K
      |          [01;31m[K^~~~~~~~~~~~~~~~~~~[m[K
compilation terminated.
gmake[2]: *** [CMakeFiles/car_controller.dir/build.make:76：CMakeFiles/car_controller.dir/src/car_controller.cpp.o] 错误 1
gmake[1]: *** [CMakeFiles/Makefile2:167：CMakeFiles/car_controller.dir/all] 错误 2
gmake: *** [Makefile:146：all] 错误 2
