[  0%] Built target ament_cmake_python_copy_task_one_setup
[  0%] Built target ament_cmake_python_copy_task_one
[ 50%] [32mBuilding CXX object CMakeFiles/car_controller.dir/src/car_controller.cpp.o[0m
[01m[K/home/chen/Task/navigation_ws/src/task_one/src/car_controller.cpp:1:10:[m[K [01;31m[Kfatal error: [m[Krclcpp/rclcpp.hpp: æ²¡æœ‰é‚£ä¸ªæ–‡ä»¶æˆ–ç›®å½•
    1 | #include [01;31m[K<rclcpp/rclcpp.hpp>[m[K
      |          [01;31m[K^~~~~~~~~~~~~~~~~~~[m[K
compilation terminated.
gmake[2]: *** [CMakeFiles/car_controller.dir/build.make:76ï¼šCMakeFiles/car_controller.dir/src/car_controller.cpp.o] é”™è¯¯ 1
gmake[1]: *** [CMakeFiles/Makefile2:141ï¼šCMakeFiles/car_controller.dir/all] é”™è¯¯ 2
gmake[1]: *** æ­£åœ¨ç­‰å¾…æœªå®Œæˆçš„ä»»åŠ¡....
running egg_info
writing task_one.egg-info/PKG-INFO
writing dependency_links to task_one.egg-info/dependency_links.txt
writing top-level names to task_one.egg-info/top_level.txt
reading manifest file 'task_one.egg-info/SOURCES.txt'
writing manifest file 'task_one.egg-info/SOURCES.txt'
[ 50%] Built target ament_cmake_python_build_task_one_egg
gmake: *** [Makefile:146ï¼šall] é”™è¯¯ 2
