<?xml version="1.0" encoding="UTF-8"?>
<Site BuildName="Linux-g++"
	BuildStamp="20241007-0427-Experimental"
	Name="chen"
	Generator="ctest-3.22.1"
	CompilerName="/usr/bin/g++"
	CompilerVersion="11.4.0"
	OSName="Linux"
	Hostname="chen"
	OSRelease="6.8.0-45-generic"
	OSVersion="#45~22.04.1-Ubuntu SMP PREEMPT_DYNAMIC Wed Sep 11 15:25:05 UTC 2"
	OSPlatform="x86_64"
	Is64Bits="1"
	VendorString="AuthenticAMD"
	VendorID="Advanced Micro Devices"
	FamilyID="25"
	ModelID="116"
	ProcessorCacheSize="1024"
	NumberOfLogicalCPU="16"
	NumberOfPhysicalCPU="8"
	TotalVirtualMemory="15624"
	TotalPhysicalMemory="31364"
	LogicalProcessorsPerPhysical="2"
	ProcessorClockFrequency="2153.68"
	>
	<Testing>
		<StartDateTime>Oct 07 15:31 CST</StartDateTime>
		<StartTestTime>1728286314</StartTestTime>
		<TestList/>
		<EndDateTime>Oct 07 15:31 CST</EndDateTime>
		<EndTestTime>1728286314</EndTestTime>
		<ElapsedMinutes>0</ElapsedMinutes>
	</Testing>
</Site>
