[0.010s] Invoking command in '/home/chen/Task/navigation_ws/build/task_three': CMAKE_PREFIX_PATH=/home/chen/Task/navigation_ws/install/task_one:/home/chen/Task/navigation_ws/install/task_two:/opt/ros/humble:${CMAKE_PREFIX_PATH} CONDA_PROMPT_MODIFIER=(base) /usr/bin/cmake --build /home/chen/Task/navigation_ws/build/task_three -- -j16 -l16
[0.061s] [ 50%] [32mBuilding CXX object CMakeFiles/task_three_node.dir/src/task_three_node.cpp.o[0m
[0.315s] [01m[K/home/chen/Task/navigation_ws/src/task_three/src/task_three_node.cpp:3:10:[m[K [01;31m[Kfatal error: [m[Kpcl_conversions/pcl_conversions.h: æ²¡æœ‰é‚£ä¸ªæ–‡ä»¶æˆ–ç›®å½•
[0.315s]     3 | #include [01;31m[K<pcl_conversions/pcl_conversions.h>[m[K
[0.315s]       |          [01;31m[K^~~~~~~~~~~~~~~~~~~~~~~~~~~~~~~~~~~[m[K
[0.315s] compilation terminated.
[0.318s] gmake[2]: *** [CMakeFiles/task_three_node.dir/build.make:76ï¼šCMakeFiles/task_three_node.dir/src/task_three_node.cpp.o] é”™è¯¯ 1
[0.318s] gmake[1]: *** [CMakeFiles/Makefile2:137ï¼šCMakeFiles/task_three_node.dir/all] é”™è¯¯ 2
[0.319s] gmake: *** [Makefile:146ï¼šall] é”™è¯¯ 2
[0.321s] Invoked command in '/home/chen/Task/navigation_ws/build/task_three' returned '2': CMAKE_PREFIX_PATH=/home/chen/Task/navigation_ws/install/task_one:/home/chen/Task/navigation_ws/install/task_two:/opt/ros/humble:${CMAKE_PREFIX_PATH} CONDA_PROMPT_MODIFIER=(base) /usr/bin/cmake --build /home/chen/Task/navigation_ws/build/task_three -- -j16 -l16
