[0.012s] Invoking command in '/home/chen/Task/navigation_ws/build/task_one': CMAKE_PREFIX_PATH=/home/chen/Task/navigation_ws/install/task_one:/home/chen/Task/navigation_ws/install/task_two:/opt/ros/humble:/home/chen/Task/navigation_ws/install/velodyne_gazebo_plugins:/home/chen/Task/navigation_ws/install/velodyne_description:/home/chen/Task/navigation_ws/install/velodyne_simulator CONDA_PROMPT_MODIFIER=(base) PKG_CONFIG_PATH=/home/chen/Task/navigation_ws/install/velodyne_gazebo_plugins/lib/x86_64-linux-gnu/pkgconfig:/home/chen/Task/navigation_ws/install/velodyne_gazebo_plugins/lib/pkgconfig:/home/chen/Task/navigation_ws/install/velodyne_description/lib/x86_64-linux-gnu/pkgconfig:/home/chen/Task/navigation_ws/install/velodyne_description/lib/pkgconfig:/home/chen/Task/navigation_ws/install/velodyne_simulator/lib/x86_64-linux-gnu/pkgconfig:/home/chen/Task/navigation_ws/install/velodyne_simulator/lib/pkgconfig ROS_PACKAGE_PATH=/home/chen/Task/navigation_ws/install/velodyne_gazebo_plugins/share:/home/chen/Task/navigation_ws/install/velodyne_description/share:/home/chen/Task/navigation_ws/install/velodyne_simulator/share /usr/bin/cmake --build /home/chen/Task/navigation_ws/build/task_one -- -j16 -l16
[0.032s] -- Found ament_cmake: 1.3.10 (/opt/ros/humble/share/ament_cmake/cmake)
[0.125s] -- Found rclcpp: 16.0.10 (/opt/ros/humble/share/rclcpp/cmake)
[0.141s] -- Found rosidl_generator_c: 3.1.5 (/opt/ros/humble/share/rosidl_generator_c/cmake)
[0.143s] -- Found rosidl_adapter: 3.1.5 (/opt/ros/humble/share/rosidl_adapter/cmake)
[0.146s] -- Found rosidl_generator_cpp: 3.1.5 (/opt/ros/humble/share/rosidl_generator_cpp/cmake)
[0.151s] -- Using all available rosidl_typesupport_c: rosidl_typesupport_fastrtps_c;rosidl_typesupport_introspection_c
[0.158s] -- Using all available rosidl_typesupport_cpp: rosidl_typesupport_fastrtps_cpp;rosidl_typesupport_introspection_cpp
[0.178s] -- Found rmw_implementation_cmake: 6.1.2 (/opt/ros/humble/share/rmw_implementation_cmake/cmake)
[0.179s] -- Found rmw_fastrtps_cpp: 6.2.7 (/opt/ros/humble/share/rmw_fastrtps_cpp/cmake)
[0.260s] -- Using RMW implementation 'rmw_fastrtps_cpp' as default
[0.289s] -- Found geometry_msgs: 4.2.4 (/opt/ros/humble/share/geometry_msgs/cmake)
[0.295s] -- Found nav_msgs: 4.2.4 (/opt/ros/humble/share/nav_msgs/cmake)
[0.305s] -- Found gazebo_msgs: 3.7.0 (/opt/ros/humble/share/gazebo_msgs/cmake)
[0.473s] -- Configuring done
[0.666s] -- Generating done
[0.668s] -- Build files have been written to: /home/chen/Task/navigation_ws/build/task_one
[0.705s] [  0%] Built target ament_cmake_python_copy_task_one_setup
[0.705s] [  0%] Built target ament_cmake_python_copy_task_one
[0.716s] [ 50%] [32mBuilding CXX object CMakeFiles/car_controller.dir/src/car_controller.cpp.o[0m
[0.722s] [01m[K/home/chen/Task/navigation_ws/src/task_one/src/car_controller.cpp:1:10:[m[K [01;31m[Kfatal error: [m[Krclcpp/rclcpp.hpp: Ê≤°ÊúâÈÇ£‰∏™Êñá‰ª∂ÊàñÁõÆÂΩï
[0.722s]     1 | #include [01;31m[K<rclcpp/rclcpp.hpp>[m[K
[0.722s]       |          [01;31m[K^~~~~~~~~~~~~~~~~~~[m[K
[0.722s] compilation terminated.
[0.723s] gmake[2]: *** [CMakeFiles/car_controller.dir/build.make:76ÔºöCMakeFiles/car_controller.dir/src/car_controller.cpp.o] ÈîôËØØ 1
[0.723s] gmake[1]: *** [CMakeFiles/Makefile2:141ÔºöCMakeFiles/car_controller.dir/all] ÈîôËØØ 2
[0.723s] gmake[1]: *** Ê≠£Âú®Á≠âÂæÖÊú™ÂÆåÊàêÁöÑ‰ªªÂä°....
[0.832s] running egg_info
[0.832s] creating task_one.egg-info
[0.839s] writing task_one.egg-info/PKG-INFO
[0.839s] writing dependency_links to task_one.egg-info/dependency_links.txt
[0.839s] writing top-level names to task_one.egg-info/top_level.txt
[0.839s] writing manifest file 'task_one.egg-info/SOURCES.txt'
[0.867s] reading manifest file 'task_one.egg-info/SOURCES.txt'
[0.867s] writing manifest file 'task_one.egg-info/SOURCES.txt'
[0.893s] [ 50%] Built target ament_cmake_python_build_task_one_egg
[0.894s] gmake: *** [Makefile:146Ôºöall] ÈîôËØØ 2
[0.896s] Invoked command in '/home/chen/Task/navigation_ws/build/task_one' returned '2': CMAKE_PREFIX_PATH=/home/chen/Task/navigation_ws/install/task_one:/home/chen/Task/navigation_ws/install/task_two:/opt/ros/humble:/home/chen/Task/navigation_ws/install/velodyne_gazebo_plugins:/home/chen/Task/navigation_ws/install/velodyne_description:/home/chen/Task/navigation_ws/install/velodyne_simulator CONDA_PROMPT_MODIFIER=(base) PKG_CONFIG_PATH=/home/chen/Task/navigation_ws/install/velodyne_gazebo_plugins/lib/x86_64-linux-gnu/pkgconfig:/home/chen/Task/navigation_ws/install/velodyne_gazebo_plugins/lib/pkgconfig:/home/chen/Task/navigation_ws/install/velodyne_description/lib/x86_64-linux-gnu/pkgconfig:/home/chen/Task/navigation_ws/install/velodyne_description/lib/pkgconfig:/home/chen/Task/navigation_ws/install/velodyne_simulator/lib/x86_64-linux-gnu/pkgconfig:/home/chen/Task/navigation_ws/install/velodyne_simulator/lib/pkgconfig ROS_PACKAGE_PATH=/home/chen/Task/navigation_ws/install/velodyne_gazebo_plugins/share:/home/chen/Task/navigation_ws/install/velodyne_description/share:/home/chen/Task/navigation_ws/install/velodyne_simulator/share /usr/bin/cmake --build /home/chen/Task/navigation_ws/build/task_one -- -j16 -l16
